execve("./client", ["./client"], 0x7ffd19303a80 /* 67 vars */) = 0
brk(NULL)                               = 0x5573a0caa000
arch_prctl(0x3001 /* ARCH_??? */, 0x7ffdd23295b0) = -1 EINVAL (Недопустимый аргумент)
mmap(NULL, 8192, PROT_READ|PROT_WRITE, MAP_PRIVATE|MAP_ANONYMOUS, -1, 0) = 0x7f9af0a29000
access("/etc/ld.so.preload", R_OK)      = -1 ENOENT (Нет такого файла или каталога)
openat(AT_FDCWD, "/etc/ld.so.cache", O_RDONLY|O_CLOEXEC) = 3
newfstatat(3, "", {st_mode=S_IFREG|0644, st_size=102679, ...}, AT_EMPTY_PATH) = 0
mmap(NULL, 102679, PROT_READ, MAP_PRIVATE, 3, 0) = 0x7f9af0a0f000
close(3)                                = 0
openat(AT_FDCWD, "/lib/x86_64-linux-gnu/libstdc++.so.6", O_RDONLY|O_CLOEXEC) = 3
read(3, "\177ELF\2\1\1\3\0\0\0\0\0\0\0\0\3\0>\0\1\0\0\0\0\0\0\0\0\0\0\0"..., 832) = 832
newfstatat(3, "", {st_mode=S_IFREG|0644, st_size=2260296, ...}, AT_EMPTY_PATH) = 0
mmap(NULL, 2275520, PROT_READ, MAP_PRIVATE|MAP_DENYWRITE, 3, 0) = 0x7f9af07e3000
mprotect(0x7f9af087d000, 1576960, PROT_NONE) = 0
mmap(0x7f9af087d000, 1118208, PROT_READ|PROT_EXEC, MAP_PRIVATE|MAP_FIXED|MAP_DENYWRITE, 3, 0x9a000) = 0x7f9af087d000
mmap(0x7f9af098e000, 454656, PROT_READ, MAP_PRIVATE|MAP_FIXED|MAP_DENYWRITE, 3, 0x1ab000) = 0x7f9af098e000
mmap(0x7f9af09fe000, 57344, PROT_READ|PROT_WRITE, MAP_PRIVATE|MAP_FIXED|MAP_DENYWRITE, 3, 0x21a000) = 0x7f9af09fe000
mmap(0x7f9af0a0c000, 10432, PROT_READ|PROT_WRITE, MAP_PRIVATE|MAP_FIXED|MAP_ANONYMOUS, -1, 0) = 0x7f9af0a0c000
close(3)                                = 0
openat(AT_FDCWD, "/lib/x86_64-linux-gnu/libgcc_s.so.1", O_RDONLY|O_CLOEXEC) = 3
read(3, "\177ELF\2\1\1\0\0\0\0\0\0\0\0\0\3\0>\0\1\0\0\0\0\0\0\0\0\0\0\0"..., 832) = 832
newfstatat(3, "", {st_mode=S_IFREG|0644, st_size=125488, ...}, AT_EMPTY_PATH) = 0
mmap(NULL, 127720, PROT_READ, MAP_PRIVATE|MAP_DENYWRITE, 3, 0) = 0x7f9af07c3000
mmap(0x7f9af07c6000, 94208, PROT_READ|PROT_EXEC, MAP_PRIVATE|MAP_FIXED|MAP_DENYWRITE, 3, 0x3000) = 0x7f9af07c6000
mmap(0x7f9af07dd000, 16384, PROT_READ, MAP_PRIVATE|MAP_FIXED|MAP_DENYWRITE, 3, 0x1a000) = 0x7f9af07dd000
mmap(0x7f9af07e1000, 8192, PROT_READ|PROT_WRITE, MAP_PRIVATE|MAP_FIXED|MAP_DENYWRITE, 3, 0x1d000) = 0x7f9af07e1000
close(3)                                = 0
openat(AT_FDCWD, "/lib/x86_64-linux-gnu/libc.so.6", O_RDONLY|O_CLOEXEC) = 3
read(3, "\177ELF\2\1\1\3\0\0\0\0\0\0\0\0\3\0>\0\1\0\0\0P\237\2\0\0\0\0\0"..., 832) = 832
pread64(3, "\6\0\0\0\4\0\0\0@\0\0\0\0\0\0\0@\0\0\0\0\0\0\0@\0\0\0\0\0\0\0"..., 784, 64) = 784
pread64(3, "\4\0\0\0 \0\0\0\5\0\0\0GNU\0\2\0\0\300\4\0\0\0\3\0\0\0\0\0\0\0"..., 48, 848) = 48
pread64(3, "\4\0\0\0\24\0\0\0\3\0\0\0GNU\0I\17\357\204\3$\f\221\2039x\324\224\323\236S"..., 68, 896) = 68
newfstatat(3, "", {st_mode=S_IFREG|0755, st_size=2220400, ...}, AT_EMPTY_PATH) = 0
pread64(3, "\6\0\0\0\4\0\0\0@\0\0\0\0\0\0\0@\0\0\0\0\0\0\0@\0\0\0\0\0\0\0"..., 784, 64) = 784
mmap(NULL, 2264656, PROT_READ, MAP_PRIVATE|MAP_DENYWRITE, 3, 0) = 0x7f9af059a000
mprotect(0x7f9af05c2000, 2023424, PROT_NONE) = 0
mmap(0x7f9af05c2000, 1658880, PROT_READ|PROT_EXEC, MAP_PRIVATE|MAP_FIXED|MAP_DENYWRITE, 3, 0x28000) = 0x7f9af05c2000
mmap(0x7f9af0757000, 360448, PROT_READ, MAP_PRIVATE|MAP_FIXED|MAP_DENYWRITE, 3, 0x1bd000) = 0x7f9af0757000
mmap(0x7f9af07b0000, 24576, PROT_READ|PROT_WRITE, MAP_PRIVATE|MAP_FIXED|MAP_DENYWRITE, 3, 0x215000) = 0x7f9af07b0000
mmap(0x7f9af07b6000, 52816, PROT_READ|PROT_WRITE, MAP_PRIVATE|MAP_FIXED|MAP_ANONYMOUS, -1, 0) = 0x7f9af07b6000
close(3)                                = 0
openat(AT_FDCWD, "/lib/x86_64-linux-gnu/libm.so.6", O_RDONLY|O_CLOEXEC) = 3
read(3, "\177ELF\2\1\1\3\0\0\0\0\0\0\0\0\3\0>\0\1\0\0\0\0\0\0\0\0\0\0\0"..., 832) = 832
newfstatat(3, "", {st_mode=S_IFREG|0644, st_size=940560, ...}, AT_EMPTY_PATH) = 0
mmap(NULL, 942344, PROT_READ, MAP_PRIVATE|MAP_DENYWRITE, 3, 0) = 0x7f9af04b3000
mmap(0x7f9af04c1000, 507904, PROT_READ|PROT_EXEC, MAP_PRIVATE|MAP_FIXED|MAP_DENYWRITE, 3, 0xe000) = 0x7f9af04c1000
mmap(0x7f9af053d000, 372736, PROT_READ, MAP_PRIVATE|MAP_FIXED|MAP_DENYWRITE, 3, 0x8a000) = 0x7f9af053d000
mmap(0x7f9af0598000, 8192, PROT_READ|PROT_WRITE, MAP_PRIVATE|MAP_FIXED|MAP_DENYWRITE, 3, 0xe4000) = 0x7f9af0598000
close(3)                                = 0
mmap(NULL, 8192, PROT_READ|PROT_WRITE, MAP_PRIVATE|MAP_ANONYMOUS, -1, 0) = 0x7f9af04b1000
arch_prctl(ARCH_SET_FS, 0x7f9af04b23c0) = 0
set_tid_address(0x7f9af04b2690)         = 22904
set_robust_list(0x7f9af04b26a0, 24)     = 0
rseq(0x7f9af04b2d60, 0x20, 0, 0x53053053) = 0
mprotect(0x7f9af07b0000, 16384, PROT_READ) = 0
mprotect(0x7f9af0598000, 4096, PROT_READ) = 0
mprotect(0x7f9af07e1000, 4096, PROT_READ) = 0
mmap(NULL, 8192, PROT_READ|PROT_WRITE, MAP_PRIVATE|MAP_ANONYMOUS, -1, 0) = 0x7f9af04af000
mprotect(0x7f9af09fe000, 45056, PROT_READ) = 0
mprotect(0x5573a00a1000, 4096, PROT_READ) = 0
mprotect(0x7f9af0a63000, 8192, PROT_READ) = 0
prlimit64(0, RLIMIT_STACK, NULL, {rlim_cur=8192*1024, rlim_max=RLIM64_INFINITY}) = 0
munmap(0x7f9af0a0f000, 102679)          = 0
getrandom("\x8e\xc3\xef\x2c\xac\xa9\xe5\x78", 8, GRND_NONBLOCK) = 8
brk(NULL)                               = 0x5573a0caa000
brk(0x5573a0ccb000)                     = 0x5573a0ccb000
futex(0x7f9af0a0c77c, FUTEX_WAKE_PRIVATE, 2147483647) = 0
newfstatat(1, "", {st_mode=S_IFCHR|0620, st_rdev=makedev(0x88, 0x2), ...}, AT_EMPTY_PATH) = 0
write(1, "\320\222\320\262\320\265\320\264\320\270\321\202\320\265 \320\270\320\274\321\217 \320\272\320\273\320\270\320\265\320\275"..., 37) = 37
newfstatat(0, "", {st_mode=S_IFCHR|0620, st_rdev=makedev(0x88, 0x2), ...}, AT_EMPTY_PATH) = 0
read(0, "Vadim\n", 1024)                = 6
write(1, "\320\222\320\262\320\265\320\264\320\270\321\202\320\265 \320\277\320\276\321\200\321\202\n", 24) = 24
read(0, "8080\n", 1024)                 = 5
socket(AF_INET, SOCK_STREAM, IPPROTO_TCP) = 3
connect(3, {sa_family=AF_INET, sin_port=htons(8080), sin_addr=inet_addr("127.0.0.1")}, 16) = 0
sendto(3, "[2018-09-19 13:50:01.000]\0", 26, MSG_NOSIGNAL, NULL, 0) = 26
shutdown(3, SHUT_RDWR)                  = 0
close(3)                                = 0
exit_group(0)                           = ?
+++ exited with 0 +++
