execve("./server", ["./server"], 0x7fffe83183d0 /* 67 vars */) = 0
brk(NULL)                               = 0x555b2fcb1000
arch_prctl(0x3001 /* ARCH_??? */, 0x7ffc6fef8f50) = -1 EINVAL (Недопустимый аргумент)
mmap(NULL, 8192, PROT_READ|PROT_WRITE, MAP_PRIVATE|MAP_ANONYMOUS, -1, 0) = 0x7f7023e3a000
access("/etc/ld.so.preload", R_OK)      = -1 ENOENT (Нет такого файла или каталога)
openat(AT_FDCWD, "/etc/ld.so.cache", O_RDONLY|O_CLOEXEC) = 3
newfstatat(3, "", {st_mode=S_IFREG|0644, st_size=102679, ...}, AT_EMPTY_PATH) = 0
mmap(NULL, 102679, PROT_READ, MAP_PRIVATE, 3, 0) = 0x7f7023e20000
close(3)                                = 0
openat(AT_FDCWD, "/lib/x86_64-linux-gnu/libstdc++.so.6", O_RDONLY|O_CLOEXEC) = 3
read(3, "\177ELF\2\1\1\3\0\0\0\0\0\0\0\0\3\0>\0\1\0\0\0\0\0\0\0\0\0\0\0"..., 832) = 832
newfstatat(3, "", {st_mode=S_IFREG|0644, st_size=2260296, ...}, AT_EMPTY_PATH) = 0
mmap(NULL, 2275520, PROT_READ, MAP_PRIVATE|MAP_DENYWRITE, 3, 0) = 0x7f7023bf4000
mprotect(0x7f7023c8e000, 1576960, PROT_NONE) = 0
mmap(0x7f7023c8e000, 1118208, PROT_READ|PROT_EXEC, MAP_PRIVATE|MAP_FIXED|MAP_DENYWRITE, 3, 0x9a000) = 0x7f7023c8e000
mmap(0x7f7023d9f000, 454656, PROT_READ, MAP_PRIVATE|MAP_FIXED|MAP_DENYWRITE, 3, 0x1ab000) = 0x7f7023d9f000
mmap(0x7f7023e0f000, 57344, PROT_READ|PROT_WRITE, MAP_PRIVATE|MAP_FIXED|MAP_DENYWRITE, 3, 0x21a000) = 0x7f7023e0f000
mmap(0x7f7023e1d000, 10432, PROT_READ|PROT_WRITE, MAP_PRIVATE|MAP_FIXED|MAP_ANONYMOUS, -1, 0) = 0x7f7023e1d000
close(3)                                = 0
openat(AT_FDCWD, "/lib/x86_64-linux-gnu/libgcc_s.so.1", O_RDONLY|O_CLOEXEC) = 3
read(3, "\177ELF\2\1\1\0\0\0\0\0\0\0\0\0\3\0>\0\1\0\0\0\0\0\0\0\0\0\0\0"..., 832) = 832
newfstatat(3, "", {st_mode=S_IFREG|0644, st_size=125488, ...}, AT_EMPTY_PATH) = 0
mmap(NULL, 127720, PROT_READ, MAP_PRIVATE|MAP_DENYWRITE, 3, 0) = 0x7f7023bd4000
mmap(0x7f7023bd7000, 94208, PROT_READ|PROT_EXEC, MAP_PRIVATE|MAP_FIXED|MAP_DENYWRITE, 3, 0x3000) = 0x7f7023bd7000
mmap(0x7f7023bee000, 16384, PROT_READ, MAP_PRIVATE|MAP_FIXED|MAP_DENYWRITE, 3, 0x1a000) = 0x7f7023bee000
mmap(0x7f7023bf2000, 8192, PROT_READ|PROT_WRITE, MAP_PRIVATE|MAP_FIXED|MAP_DENYWRITE, 3, 0x1d000) = 0x7f7023bf2000
close(3)                                = 0
openat(AT_FDCWD, "/lib/x86_64-linux-gnu/libc.so.6", O_RDONLY|O_CLOEXEC) = 3
read(3, "\177ELF\2\1\1\3\0\0\0\0\0\0\0\0\3\0>\0\1\0\0\0P\237\2\0\0\0\0\0"..., 832) = 832
pread64(3, "\6\0\0\0\4\0\0\0@\0\0\0\0\0\0\0@\0\0\0\0\0\0\0@\0\0\0\0\0\0\0"..., 784, 64) = 784
pread64(3, "\4\0\0\0 \0\0\0\5\0\0\0GNU\0\2\0\0\300\4\0\0\0\3\0\0\0\0\0\0\0"..., 48, 848) = 48
pread64(3, "\4\0\0\0\24\0\0\0\3\0\0\0GNU\0I\17\357\204\3$\f\221\2039x\324\224\323\236S"..., 68, 896) = 68
newfstatat(3, "", {st_mode=S_IFREG|0755, st_size=2220400, ...}, AT_EMPTY_PATH) = 0
pread64(3, "\6\0\0\0\4\0\0\0@\0\0\0\0\0\0\0@\0\0\0\0\0\0\0@\0\0\0\0\0\0\0"..., 784, 64) = 784
mmap(NULL, 2264656, PROT_READ, MAP_PRIVATE|MAP_DENYWRITE, 3, 0) = 0x7f70239ab000
mprotect(0x7f70239d3000, 2023424, PROT_NONE) = 0
mmap(0x7f70239d3000, 1658880, PROT_READ|PROT_EXEC, MAP_PRIVATE|MAP_FIXED|MAP_DENYWRITE, 3, 0x28000) = 0x7f70239d3000
mmap(0x7f7023b68000, 360448, PROT_READ, MAP_PRIVATE|MAP_FIXED|MAP_DENYWRITE, 3, 0x1bd000) = 0x7f7023b68000
mmap(0x7f7023bc1000, 24576, PROT_READ|PROT_WRITE, MAP_PRIVATE|MAP_FIXED|MAP_DENYWRITE, 3, 0x215000) = 0x7f7023bc1000
mmap(0x7f7023bc7000, 52816, PROT_READ|PROT_WRITE, MAP_PRIVATE|MAP_FIXED|MAP_ANONYMOUS, -1, 0) = 0x7f7023bc7000
close(3)                                = 0
openat(AT_FDCWD, "/lib/x86_64-linux-gnu/libm.so.6", O_RDONLY|O_CLOEXEC) = 3
read(3, "\177ELF\2\1\1\3\0\0\0\0\0\0\0\0\3\0>\0\1\0\0\0\0\0\0\0\0\0\0\0"..., 832) = 832
newfstatat(3, "", {st_mode=S_IFREG|0644, st_size=940560, ...}, AT_EMPTY_PATH) = 0
mmap(NULL, 942344, PROT_READ, MAP_PRIVATE|MAP_DENYWRITE, 3, 0) = 0x7f70238c4000
mmap(0x7f70238d2000, 507904, PROT_READ|PROT_EXEC, MAP_PRIVATE|MAP_FIXED|MAP_DENYWRITE, 3, 0xe000) = 0x7f70238d2000
mmap(0x7f702394e000, 372736, PROT_READ, MAP_PRIVATE|MAP_FIXED|MAP_DENYWRITE, 3, 0x8a000) = 0x7f702394e000
mmap(0x7f70239a9000, 8192, PROT_READ|PROT_WRITE, MAP_PRIVATE|MAP_FIXED|MAP_DENYWRITE, 3, 0xe4000) = 0x7f70239a9000
close(3)                                = 0
mmap(NULL, 8192, PROT_READ|PROT_WRITE, MAP_PRIVATE|MAP_ANONYMOUS, -1, 0) = 0x7f70238c2000
arch_prctl(ARCH_SET_FS, 0x7f70238c33c0) = 0
set_tid_address(0x7f70238c3690)         = 295816
set_robust_list(0x7f70238c36a0, 24)     = 0
rseq(0x7f70238c3d60, 0x20, 0, 0x53053053) = 0
mprotect(0x7f7023bc1000, 16384, PROT_READ) = 0
mprotect(0x7f70239a9000, 4096, PROT_READ) = 0
mprotect(0x7f7023bf2000, 4096, PROT_READ) = 0
mmap(NULL, 8192, PROT_READ|PROT_WRITE, MAP_PRIVATE|MAP_ANONYMOUS, -1, 0) = 0x7f70238c0000
mprotect(0x7f7023e0f000, 45056, PROT_READ) = 0
mprotect(0x555b2ec44000, 4096, PROT_READ) = 0
mprotect(0x7f7023e74000, 8192, PROT_READ) = 0
prlimit64(0, RLIMIT_STACK, NULL, {rlim_cur=8192*1024, rlim_max=RLIM64_INFINITY}) = 0
munmap(0x7f7023e20000, 102679)          = 0
getrandom("\xbc\x4e\xd4\xe4\x81\x83\x45\xf2", 8, GRND_NONBLOCK) = 8
brk(NULL)                               = 0x555b2fcb1000
brk(0x555b2fcd2000)                     = 0x555b2fcd2000
futex(0x7f7023e1d77c, FUTEX_WAKE_PRIVATE, 2147483647) = 0
newfstatat(1, "", {st_mode=S_IFCHR|0620, st_rdev=makedev(0x88, 0), ...}, AT_EMPTY_PATH) = 0
write(1, "\320\222\320\262\320\265\320\264\320\270\321\202\320\265 \320\277\320\276\321\200\321\202\n", 24) = 24
newfstatat(0, "", {st_mode=S_IFCHR|0620, st_rdev=makedev(0x88, 0), ...}, AT_EMPTY_PATH) = 0
read(0, strace: Process 217004 detached
 <detached ...>
(To be restarted if SA_RESTART is set)
strace: Process 215965 detached
R, [1], 4) = 0
bind(3, {sa_family=AF_INET, sin_port=htons(8080), sin_addr=inet_addr("0.0.0.0")}, 16) = 0
listen(3, 4096)                         = 0
accept4(3, 0x7ffc6fef89b0, [16], SOCK_NONBLOCK) = ? ERESTARTSYS (To be restarted if SA_RESTART is set)
--- SIGWINCH {si_signo=SIGWINCH, si_code=SI_KERNEL} ---
accept4(3, 0x7ffc6fef89b0, [16], SOCK_NONBLOCK) = ? ERESTARTSYS (To be restarted if SA_RESTART is set)
--- SIGWINCH {si_signo=SIGWINCH, si_code=SI_KERNEL} ---
accept4(3, 0x7ffc6fef89b0, [16], SOCK_NONBLOCK) = ? ERESTARTSYS (To be restarted if SA_RESTART is set)
--- SIGWINCH {si_signo=SIGWINCH, si_code=SI_KERNEL} ---
accept4(3, strace: Process 295816 detached
 <detached ...>
